This file contains any messages produced by compilers while
running configure, to aid debugging if configure makes a mistake.

It was created by chan_dongle configure 1.1, which was
generated by GNU Autoconf 2.69.  Invocation command line was

  $ ./configure --with-astversion=16.6.2

## --------- ##
## Platform. ##
## --------- ##

hostname = freepbx.sangoma.local
uname -m = x86_64
uname -r = 3.10.0-957.21.3.el7.x86_64
uname -s = Linux
uname -v = #1 SMP Tue Jun 18 16:35:19 UTC 2019

/usr/bin/uname -p = x86_64
/bin/uname -X     = unknown

/bin/arch              = x86_64
/usr/bin/arch -k       = unknown
/usr/convex/getsysinfo = unknown
/usr/bin/hostinfo      = unknown
/bin/machine           = unknown
/usr/bin/oslevel       = unknown
/bin/universe          = unknown

PATH: /usr/local/sbin
PATH: /usr/local/bin
PATH: /usr/sbin
PATH: /usr/bin
PATH: /root/bin


## ----------- ##
## Core tests. ##
## ----------- ##

configure:2326: checking build system type
configure:2340: result: x86_64-unknown-linux-gnu
configure:2360: checking host system type
configure:2373: result: x86_64-unknown-linux-gnu
configure:2393: checking target system type
configure:2406: result: x86_64-unknown-linux-gnu
configure:2448: checking for a BSD-compatible install
configure:2516: result: /usr/bin/install -c
configure:2527: checking whether build environment is sane
configure:2582: result: yes
configure:2733: checking for a thread-safe mkdir -p
configure:2772: result: /usr/bin/mkdir -p
configure:2779: checking for gawk
configure:2795: found /usr/bin/gawk
configure:2806: result: gawk
configure:2817: checking whether make sets $(MAKE)
configure:2839: result: yes
configure:2868: checking whether make supports nested variables
configure:2885: result: yes
configure:3098: checking for gcc
configure:3114: found /usr/bin/gcc
configure:3125: result: gcc
configure:3156: checking for C compiler version
configure:3165: gcc --version >&5
gcc (GCC) 4.8.5 20150623 (Red Hat 4.8.5-36)
Copyright (C) 2015 Free Software Foundation, Inc.
This is free software; see the source for copying conditions.  There is NO
warranty; not even for MERCHANTABILITY or FITNESS FOR A PARTICULAR PURPOSE.

configure:3176: $? = 0
configure:3165: gcc -v >&5
Using built-in specs.
COLLECT_GCC=gcc
COLLECT_LTO_WRAPPER=/usr/libexec/gcc/x86_64-redhat-linux/4.8.5/lto-wrapper
Target: x86_64-redhat-linux
Configured with: ../configure --prefix=/usr --mandir=/usr/share/man --infodir=/usr/share/info --with-bugurl=http://bugzilla.redhat.com/bugzilla --enable-bootstrap --enable-shared --enable-threads=posix --enable-checking=release --with-system-zlib --enable-__cxa_atexit --disable-libunwind-exceptions --enable-gnu-unique-object --enable-linker-build-id --with-linker-hash-style=gnu --enable-languages=c,c++,objc,obj-c++,java,fortran,ada,go,lto --enable-plugin --enable-initfini-array --disable-libgcj --with-isl=/builddir/build/BUILD/gcc-4.8.5-20150702/obj-x86_64-redhat-linux/isl-install --with-cloog=/builddir/build/BUILD/gcc-4.8.5-20150702/obj-x86_64-redhat-linux/cloog-install --enable-gnu-indirect-function --with-tune=generic --with-arch_32=x86-64 --build=x86_64-redhat-linux
Thread model: posix
gcc version 4.8.5 20150623 (Red Hat 4.8.5-36) (GCC) 
configure:3176: $? = 0
configure:3165: gcc -V >&5
gcc: error: unrecognized command line option '-V'
gcc: fatal error: no input files
compilation terminated.
configure:3176: $? = 4
configure:3165: gcc -qversion >&5
gcc: error: unrecognized command line option '-qversion'
gcc: fatal error: no input files
compilation terminated.
configure:3176: $? = 4
configure:3196: checking whether the C compiler works
configure:3218: gcc   -D_GNU_SOURCE  conftest.c  >&5
configure:3222: $? = 0
configure:3270: result: yes
configure:3273: checking for C compiler default output file name
configure:3275: result: a.out
configure:3281: checking for suffix of executables
configure:3288: gcc -o conftest   -D_GNU_SOURCE  conftest.c  >&5
configure:3292: $? = 0
configure:3314: result: 
configure:3336: checking whether we are cross compiling
configure:3344: gcc -o conftest   -D_GNU_SOURCE  conftest.c  >&5
configure:3348: $? = 0
configure:3355: ./conftest
configure:3359: $? = 0
configure:3374: result: no
configure:3379: checking for suffix of object files
configure:3401: gcc -c   -D_GNU_SOURCE conftest.c >&5
configure:3405: $? = 0
configure:3426: result: o
configure:3430: checking whether we are using the GNU C compiler
configure:3449: gcc -c   -D_GNU_SOURCE conftest.c >&5
configure:3449: $? = 0
configure:3458: result: yes
configure:3467: checking whether gcc accepts -g
configure:3487: gcc -c -g  -D_GNU_SOURCE conftest.c >&5
configure:3487: $? = 0
configure:3528: result: yes
configure:3545: checking for gcc option to accept ISO C89
configure:3608: gcc  -c -g -O2  -D_GNU_SOURCE conftest.c >&5
configure:3608: $? = 0
configure:3621: result: none needed
configure:3652: checking for style of include used by make
configure:3680: result: GNU
configure:3706: checking dependency style of gcc
configure:3817: result: none
configure:3837: checking how to run the C preprocessor
configure:3868: gcc -E  -D_GNU_SOURCE conftest.c
configure:3868: $? = 0
configure:3882: gcc -E  -D_GNU_SOURCE conftest.c
conftest.c:12:28: fatal error: ac_nonexistent.h: No such file or directory
 #include <ac_nonexistent.h>
                            ^
compilation terminated.
configure:3882: $? = 1
configure: failed program was:
| /* confdefs.h */
| #define PACKAGE_NAME "chan_dongle"
| #define PACKAGE_TARNAME "chan_dongle"
| #define PACKAGE_VERSION "1.1"
| #define PACKAGE_STRING "chan_dongle 1.1"
| #define PACKAGE_BUGREPORT "https://github.com/bg111/asterisk-chan-dongle/issues"
| #define PACKAGE_URL "https://github.com/bg111/asterisk-chan-dongle/"
| #define PACKAGE "chan_dongle"
| #define VERSION "1.1"
| #define ASTERISK_VERSION_NUM 160602
| /* end confdefs.h.  */
| #include <ac_nonexistent.h>
configure:3907: result: gcc -E
configure:3927: gcc -E  -D_GNU_SOURCE conftest.c
configure:3927: $? = 0
configure:3941: gcc -E  -D_GNU_SOURCE conftest.c
conftest.c:12:28: fatal error: ac_nonexistent.h: No such file or directory
 #include <ac_nonexistent.h>
                            ^
compilation terminated.
configure:3941: $? = 1
configure: failed program was:
| /* confdefs.h */
| #define PACKAGE_NAME "chan_dongle"
| #define PACKAGE_TARNAME "chan_dongle"
| #define PACKAGE_VERSION "1.1"
| #define PACKAGE_STRING "chan_dongle 1.1"
| #define PACKAGE_BUGREPORT "https://github.com/bg111/asterisk-chan-dongle/issues"
| #define PACKAGE_URL "https://github.com/bg111/asterisk-chan-dongle/"
| #define PACKAGE "chan_dongle"
| #define VERSION "1.1"
| #define ASTERISK_VERSION_NUM 160602
| /* end confdefs.h.  */
| #include <ac_nonexistent.h>
configure:3973: checking for strip
configure:3989: found /usr/bin/strip
configure:4000: result: strip
configure:4013: checking for rm
configure:4029: found /usr/bin/rm
configure:4040: result: rm
configure:4053: checking for library containing iconv
configure:4084: gcc -o conftest -g -O2  -D_GNU_SOURCE  conftest.c  >&5
configure:4084: $? = 0
configure:4101: result: none required
configure:4111: checking for grep that handles long lines and -e
configure:4169: result: /usr/bin/grep
configure:4174: checking for egrep
configure:4236: result: /usr/bin/grep -E
configure:4241: checking for ANSI C header files
configure:4261: gcc -c -g -O2  -D_GNU_SOURCE conftest.c >&5
configure:4261: $? = 0
configure:4334: gcc -o conftest -g -O2  -D_GNU_SOURCE  conftest.c  >&5
configure:4334: $? = 0
configure:4334: ./conftest
configure:4334: $? = 0
configure:4345: result: yes
configure:4358: checking for sys/types.h
configure:4358: gcc -c -g -O2  -D_GNU_SOURCE conftest.c >&5
configure:4358: $? = 0
configure:4358: result: yes
configure:4358: checking for sys/stat.h
configure:4358: gcc -c -g -O2  -D_GNU_SOURCE conftest.c >&5
configure:4358: $? = 0
configure:4358: result: yes
configure:4358: checking for stdlib.h
configure:4358: gcc -c -g -O2  -D_GNU_SOURCE conftest.c >&5
configure:4358: $? = 0
configure:4358: result: yes
configure:4358: checking for string.h
configure:4358: gcc -c -g -O2  -D_GNU_SOURCE conftest.c >&5
configure:4358: $? = 0
configure:4358: result: yes
configure:4358: checking for memory.h
configure:4358: gcc -c -g -O2  -D_GNU_SOURCE conftest.c >&5
configure:4358: $? = 0
configure:4358: result: yes
configure:4358: checking for strings.h
configure:4358: gcc -c -g -O2  -D_GNU_SOURCE conftest.c >&5
configure:4358: $? = 0
configure:4358: result: yes
configure:4358: checking for inttypes.h
configure:4358: gcc -c -g -O2  -D_GNU_SOURCE conftest.c >&5
configure:4358: $? = 0
configure:4358: result: yes
configure:4358: checking for stdint.h
configure:4358: gcc -c -g -O2  -D_GNU_SOURCE conftest.c >&5
configure:4358: $? = 0
configure:4358: result: yes
configure:4358: checking for unistd.h
configure:4358: gcc -c -g -O2  -D_GNU_SOURCE conftest.c >&5
configure:4358: $? = 0
configure:4358: result: yes
configure:4373: checking fcntl.h usability
configure:4373: gcc -c -g -O2  -D_GNU_SOURCE conftest.c >&5
configure:4373: $? = 0
configure:4373: result: yes
configure:4373: checking fcntl.h presence
configure:4373: gcc -E  -D_GNU_SOURCE conftest.c
configure:4373: $? = 0
configure:4373: result: yes
configure:4373: checking for fcntl.h
configure:4373: result: yes
configure:4373: checking for stdlib.h
configure:4373: result: yes
configure:4373: checking for string.h
configure:4373: result: yes
configure:4373: checking sys/time.h usability
configure:4373: gcc -c -g -O2  -D_GNU_SOURCE conftest.c >&5
configure:4373: $? = 0
configure:4373: result: yes
configure:4373: checking sys/time.h presence
configure:4373: gcc -E  -D_GNU_SOURCE conftest.c
configure:4373: $? = 0
configure:4373: result: yes
configure:4373: checking for sys/time.h
configure:4373: result: yes
configure:4373: checking termios.h usability
configure:4373: gcc -c -g -O2  -D_GNU_SOURCE conftest.c >&5
configure:4373: $? = 0
configure:4373: result: yes
configure:4373: checking termios.h presence
configure:4373: gcc -E  -D_GNU_SOURCE conftest.c
configure:4373: $? = 0
configure:4373: result: yes
configure:4373: checking for termios.h
configure:4373: result: yes
configure:4389: checking whether asterisk.h in ../include
configure:4405: result: no
configure:4389: checking whether asterisk.h in /usr/include
configure:4394: result: yes
configure:4397: checking asterisk.h usability
configure:4397: gcc -c -g -O2  -D_GNU_SOURCE -I/usr/include conftest.c >&5
In file included from conftest.c:60:0:
/usr/include/asterisk.h:232:2: error: #error "Externally compiled modules must declare AST_MODULE_SELF_SYM."
 #error "Externally compiled modules must declare AST_MODULE_SELF_SYM."
  ^
configure:4397: $? = 1
configure: failed program was:
| /* confdefs.h */
| #define PACKAGE_NAME "chan_dongle"
| #define PACKAGE_TARNAME "chan_dongle"
| #define PACKAGE_VERSION "1.1"
| #define PACKAGE_STRING "chan_dongle 1.1"
| #define PACKAGE_BUGREPORT "https://github.com/bg111/asterisk-chan-dongle/issues"
| #define PACKAGE_URL "https://github.com/bg111/asterisk-chan-dongle/"
| #define PACKAGE "chan_dongle"
| #define VERSION "1.1"
| #define ASTERISK_VERSION_NUM 160602
| #define STDC_HEADERS 1
| #define HAVE_SYS_TYPES_H 1
| #define HAVE_SYS_STAT_H 1
| #define HAVE_STDLIB_H 1
| #define HAVE_STRING_H 1
| #define HAVE_MEMORY_H 1
| #define HAVE_STRINGS_H 1
| #define HAVE_INTTYPES_H 1
| #define HAVE_STDINT_H 1
| #define HAVE_UNISTD_H 1
| #define HAVE_FCNTL_H 1
| #define HAVE_STDLIB_H 1
| #define HAVE_STRING_H 1
| #define HAVE_SYS_TIME_H 1
| #define HAVE_TERMIOS_H 1
| /* end confdefs.h.  */
| #include <stdio.h>
| #ifdef HAVE_SYS_TYPES_H
| # include <sys/types.h>
| #endif
| #ifdef HAVE_SYS_STAT_H
| # include <sys/stat.h>
| #endif
| #ifdef STDC_HEADERS
| # include <stdlib.h>
| # include <stddef.h>
| #else
| # ifdef HAVE_STDLIB_H
| #  include <stdlib.h>
| # endif
| #endif
| #ifdef HAVE_STRING_H
| # if !defined STDC_HEADERS && defined HAVE_MEMORY_H
| #  include <memory.h>
| # endif
| # include <string.h>
| #endif
| #ifdef HAVE_STRINGS_H
| # include <strings.h>
| #endif
| #ifdef HAVE_INTTYPES_H
| # include <inttypes.h>
| #endif
| #ifdef HAVE_STDINT_H
| # include <stdint.h>
| #endif
| #ifdef HAVE_UNISTD_H
| # include <unistd.h>
| #endif
| #include <asterisk.h>
configure:4397: result: no
configure:4397: checking asterisk.h presence
configure:4397: gcc -E  -D_GNU_SOURCE -I/usr/include conftest.c
In file included from conftest.c:27:0:
/usr/include/asterisk.h:232:2: error: #error "Externally compiled modules must declare AST_MODULE_SELF_SYM."
 #error "Externally compiled modules must declare AST_MODULE_SELF_SYM."
  ^
configure:4397: $? = 1
configure: failed program was:
| /* confdefs.h */
| #define PACKAGE_NAME "chan_dongle"
| #define PACKAGE_TARNAME "chan_dongle"
| #define PACKAGE_VERSION "1.1"
| #define PACKAGE_STRING "chan_dongle 1.1"
| #define PACKAGE_BUGREPORT "https://github.com/bg111/asterisk-chan-dongle/issues"
| #define PACKAGE_URL "https://github.com/bg111/asterisk-chan-dongle/"
| #define PACKAGE "chan_dongle"
| #define VERSION "1.1"
| #define ASTERISK_VERSION_NUM 160602
| #define STDC_HEADERS 1
| #define HAVE_SYS_TYPES_H 1
| #define HAVE_SYS_STAT_H 1
| #define HAVE_STDLIB_H 1
| #define HAVE_STRING_H 1
| #define HAVE_MEMORY_H 1
| #define HAVE_STRINGS_H 1
| #define HAVE_INTTYPES_H 1
| #define HAVE_STDINT_H 1
| #define HAVE_UNISTD_H 1
| #define HAVE_FCNTL_H 1
| #define HAVE_STDLIB_H 1
| #define HAVE_STRING_H 1
| #define HAVE_SYS_TIME_H 1
| #define HAVE_TERMIOS_H 1
| /* end confdefs.h.  */
| #include <asterisk.h>
configure:4397: result: no
configure:4397: checking for asterisk.h
configure:4397: result: no
configure:4417: checking whether iconv.h in ../include
configure:4433: result: no
configure:4417: checking whether iconv.h in /usr/include
configure:4422: result: yes
configure:4425: checking iconv.h usability
configure:4425: gcc -c -g -O2  -D_GNU_SOURCE -I/usr/include -I/usr/include conftest.c >&5
configure:4425: $? = 0
configure:4425: result: yes
configure:4425: checking iconv.h presence
configure:4425: gcc -E  -D_GNU_SOURCE -I/usr/include -I/usr/include conftest.c
configure:4425: $? = 0
configure:4425: result: yes
configure:4425: checking for iconv.h
configure:4425: result: yes
configure:4445: checking for iconv use const inbuf
configure:4461: result: no
configure:4468: checking for iconv_t in iconv.h
configure:4480: result: yes
configure:4496: checking for AST_CONTROL_SRCCHANGE in asterisk/frame.h
configure:4509: result: yes
configure:4522: checking for an ANSI C-conforming const
configure:4588: gcc -c -g -O2  -D_GNU_SOURCE -I/usr/include -I/usr/include conftest.c >&5
configure:4588: $? = 0
configure:4595: result: yes
configure:4603: checking for inline
configure:4619: gcc -c -g -O2  -D_GNU_SOURCE -I/usr/include -I/usr/include conftest.c >&5
configure:4619: $? = 0
configure:4627: result: inline
configure:4645: checking for size_t
configure:4645: gcc -c -g -O2  -D_GNU_SOURCE -I/usr/include -I/usr/include conftest.c >&5
configure:4645: $? = 0
configure:4645: gcc -c -g -O2  -D_GNU_SOURCE -I/usr/include -I/usr/include conftest.c >&5
conftest.c: In function 'main':
conftest.c:66:21: error: expected expression before ')' token
 if (sizeof ((size_t)))
                     ^
configure:4645: $? = 1
configure: failed program was:
| /* confdefs.h */
| #define PACKAGE_NAME "chan_dongle"
| #define PACKAGE_TARNAME "chan_dongle"
| #define PACKAGE_VERSION "1.1"
| #define PACKAGE_STRING "chan_dongle 1.1"
| #define PACKAGE_BUGREPORT "https://github.com/bg111/asterisk-chan-dongle/issues"
| #define PACKAGE_URL "https://github.com/bg111/asterisk-chan-dongle/"
| #define PACKAGE "chan_dongle"
| #define VERSION "1.1"
| #define ASTERISK_VERSION_NUM 160602
| #define STDC_HEADERS 1
| #define HAVE_SYS_TYPES_H 1
| #define HAVE_SYS_STAT_H 1
| #define HAVE_STDLIB_H 1
| #define HAVE_STRING_H 1
| #define HAVE_MEMORY_H 1
| #define HAVE_STRINGS_H 1
| #define HAVE_INTTYPES_H 1
| #define HAVE_STDINT_H 1
| #define HAVE_UNISTD_H 1
| #define HAVE_FCNTL_H 1
| #define HAVE_STDLIB_H 1
| #define HAVE_STRING_H 1
| #define HAVE_SYS_TIME_H 1
| #define HAVE_TERMIOS_H 1
| #define ICONV_CONST /**/
| #define ICONV_T iconv_t
| #define HAVE_AST_CONTROL_SRCCHANGE /**/
| /* end confdefs.h.  */
| #include <stdio.h>
| #ifdef HAVE_SYS_TYPES_H
| # include <sys/types.h>
| #endif
| #ifdef HAVE_SYS_STAT_H
| # include <sys/stat.h>
| #endif
| #ifdef STDC_HEADERS
| # include <stdlib.h>
| # include <stddef.h>
| #else
| # ifdef HAVE_STDLIB_H
| #  include <stdlib.h>
| # endif
| #endif
| #ifdef HAVE_STRING_H
| # if !defined STDC_HEADERS && defined HAVE_MEMORY_H
| #  include <memory.h>
| # endif
| # include <string.h>
| #endif
| #ifdef HAVE_STRINGS_H
| # include <strings.h>
| #endif
| #ifdef HAVE_INTTYPES_H
| # include <inttypes.h>
| #endif
| #ifdef HAVE_STDINT_H
| # include <stdint.h>
| #endif
| #ifdef HAVE_UNISTD_H
| # include <unistd.h>
| #endif
| int
| main ()
| {
| if (sizeof ((size_t)))
| 	    return 0;
|   ;
|   return 0;
| }
configure:4645: result: yes
configure:4656: checking for ssize_t
configure:4656: gcc -c -g -O2  -D_GNU_SOURCE -I/usr/include -I/usr/include conftest.c >&5
configure:4656: $? = 0
configure:4656: gcc -c -g -O2  -D_GNU_SOURCE -I/usr/include -I/usr/include conftest.c >&5
conftest.c: In function 'main':
conftest.c:66:22: error: expected expression before ')' token
 if (sizeof ((ssize_t)))
                      ^
configure:4656: $? = 1
configure: failed program was:
| /* confdefs.h */
| #define PACKAGE_NAME "chan_dongle"
| #define PACKAGE_TARNAME "chan_dongle"
| #define PACKAGE_VERSION "1.1"
| #define PACKAGE_STRING "chan_dongle 1.1"
| #define PACKAGE_BUGREPORT "https://github.com/bg111/asterisk-chan-dongle/issues"
| #define PACKAGE_URL "https://github.com/bg111/asterisk-chan-dongle/"
| #define PACKAGE "chan_dongle"
| #define VERSION "1.1"
| #define ASTERISK_VERSION_NUM 160602
| #define STDC_HEADERS 1
| #define HAVE_SYS_TYPES_H 1
| #define HAVE_SYS_STAT_H 1
| #define HAVE_STDLIB_H 1
| #define HAVE_STRING_H 1
| #define HAVE_MEMORY_H 1
| #define HAVE_STRINGS_H 1
| #define HAVE_INTTYPES_H 1
| #define HAVE_STDINT_H 1
| #define HAVE_UNISTD_H 1
| #define HAVE_FCNTL_H 1
| #define HAVE_STDLIB_H 1
| #define HAVE_STRING_H 1
| #define HAVE_SYS_TIME_H 1
| #define HAVE_TERMIOS_H 1
| #define ICONV_CONST /**/
| #define ICONV_T iconv_t
| #define HAVE_AST_CONTROL_SRCCHANGE /**/
| /* end confdefs.h.  */
| #include <stdio.h>
| #ifdef HAVE_SYS_TYPES_H
| # include <sys/types.h>
| #endif
| #ifdef HAVE_SYS_STAT_H
| # include <sys/stat.h>
| #endif
| #ifdef STDC_HEADERS
| # include <stdlib.h>
| # include <stddef.h>
| #else
| # ifdef HAVE_STDLIB_H
| #  include <stdlib.h>
| # endif
| #endif
| #ifdef HAVE_STRING_H
| # if !defined STDC_HEADERS && defined HAVE_MEMORY_H
| #  include <memory.h>
| # endif
| # include <string.h>
| #endif
| #ifdef HAVE_STRINGS_H
| # include <strings.h>
| #endif
| #ifdef HAVE_INTTYPES_H
| # include <inttypes.h>
| #endif
| #ifdef HAVE_STDINT_H
| # include <stdint.h>
| #endif
| #ifdef HAVE_UNISTD_H
| # include <unistd.h>
| #endif
| int
| main ()
| {
| if (sizeof ((ssize_t)))
| 	    return 0;
|   ;
|   return 0;
| }
configure:4656: result: yes
configure:4667: checking for uint64_t
configure:4667: gcc -c -g -O2  -D_GNU_SOURCE -I/usr/include -I/usr/include conftest.c >&5
configure:4667: $? = 0
configure:4667: result: yes
configure:4688: checking whether CC supports -fvisibility=hidden
configure:4701: gcc -c -fvisibility=hidden  -D_GNU_SOURCE -I/usr/include -I/usr/include conftest.c >&5
configure:4701: $? = 0
configure:4702: result: yes
configure:4719: checking whether CC supports -fPIC
configure:4732: gcc -c -fPIC  -D_GNU_SOURCE -I/usr/include -I/usr/include conftest.c >&5
configure:4732: $? = 0
configure:4733: result: yes
configure:4747: checking whether CC supports -Wall
configure:4760: gcc -c -Wall  -D_GNU_SOURCE -I/usr/include -I/usr/include conftest.c >&5
configure:4760: $? = 0
configure:4761: result: yes
configure:4775: checking whether CC supports -Wextra
configure:4788: gcc -c -Wextra  -D_GNU_SOURCE -I/usr/include -I/usr/include conftest.c >&5
configure:4788: $? = 0
configure:4789: result: yes
configure:4803: checking whether CC supports -MD -MT conftest.o -MF /dev/null -MP
configure:4816: gcc -c -MD -MT conftest.o -MF /dev/null -MP  -D_GNU_SOURCE -I/usr/include -I/usr/include conftest.c >&5
configure:4816: $? = 0
configure:4817: result: yes
configure:4837: checking whether DESTDIR is /usr/lib/asterisk/modules
configure:4846: result: no
configure:4837: checking whether DESTDIR is /usr/lib64/asterisk/modules
configure:4840: result: yes
configure:4855: checking for working memcmp
configure:4898: gcc -o conftest -g -O2  -D_GNU_SOURCE -I/usr/include -I/usr/include  conftest.c  >&5
configure:4898: $? = 0
configure:4898: ./conftest
configure:4898: $? = 0
configure:4908: result: yes
configure:4920: checking for memchr
configure:4920: gcc -o conftest -g -O2  -D_GNU_SOURCE -I/usr/include -I/usr/include  conftest.c  >&5
conftest.c:53:6: warning: conflicting types for built-in function 'memchr' [enabled by default]
 char memchr ();
      ^
configure:4920: $? = 0
configure:4920: result: yes
configure:4920: checking for memmove
configure:4920: gcc -o conftest -g -O2  -D_GNU_SOURCE -I/usr/include -I/usr/include  conftest.c  >&5
conftest.c:54:6: warning: conflicting types for built-in function 'memmove' [enabled by default]
 char memmove ();
      ^
configure:4920: $? = 0
configure:4920: result: yes
configure:4920: checking for memset
configure:4920: gcc -o conftest -g -O2  -D_GNU_SOURCE -I/usr/include -I/usr/include  conftest.c  >&5
conftest.c:55:6: warning: conflicting types for built-in function 'memset' [enabled by default]
 char memset ();
      ^
configure:4920: $? = 0
configure:4920: result: yes
configure:4920: checking for memmem
configure:4920: gcc -o conftest -g -O2  -D_GNU_SOURCE -I/usr/include -I/usr/include  conftest.c  >&5
configure:4920: $? = 0
configure:4920: result: yes
configure:4920: checking for strcasecmp
configure:4920: gcc -o conftest -g -O2  -D_GNU_SOURCE -I/usr/include -I/usr/include  conftest.c  >&5
conftest.c:57:6: warning: conflicting types for built-in function 'strcasecmp' [enabled by default]
 char strcasecmp ();
      ^
configure:4920: $? = 0
configure:4920: result: yes
configure:4920: checking for strchr
configure:4920: gcc -o conftest -g -O2  -D_GNU_SOURCE -I/usr/include -I/usr/include  conftest.c  >&5
conftest.c:58:6: warning: conflicting types for built-in function 'strchr' [enabled by default]
 char strchr ();
      ^
configure:4920: $? = 0
configure:4920: result: yes
configure:4920: checking for strncasecmp
configure:4920: gcc -o conftest -g -O2  -D_GNU_SOURCE -I/usr/include -I/usr/include  conftest.c  >&5
conftest.c:59:6: warning: conflicting types for built-in function 'strncasecmp' [enabled by default]
 char strncasecmp ();
      ^
configure:4920: $? = 0
configure:4920: result: yes
configure:4920: checking for strtol
configure:4920: gcc -o conftest -g -O2  -D_GNU_SOURCE -I/usr/include -I/usr/include  conftest.c  >&5
configure:4920: $? = 0
configure:4920: result: yes
configure:4920: checking for realpath
configure:4920: gcc -o conftest -g -O2  -D_GNU_SOURCE -I/usr/include -I/usr/include  conftest.c  >&5
configure:4920: $? = 0
configure:4920: result: yes
configure:5119: checking that generated files are newer than configure
configure:5125: result: done
configure:5148: creating ./config.status

## ---------------------- ##
## Running config.status. ##
## ---------------------- ##

This file was extended by chan_dongle config.status 1.1, which was
generated by GNU Autoconf 2.69.  Invocation command line was

  CONFIG_FILES    = 
  CONFIG_HEADERS  = 
  CONFIG_LINKS    = 
  CONFIG_COMMANDS = 
  $ ./config.status 

on freepbx.sangoma.local

config.status:897: creating stamp-h
config.status:897: creating Makefile
config.status:897: creating config.h
config.status:1078: config.h is unchanged
config.status:1126: executing depfiles commands

## ---------------- ##
## Cache variables. ##
## ---------------- ##

ac_cv_build=x86_64-unknown-linux-gnu
ac_cv_c_compiler_gnu=yes
ac_cv_c_const=yes
ac_cv_c_inline=inline
ac_cv_c_uint64_t=yes
ac_cv_env_CC_set=
ac_cv_env_CC_value=
ac_cv_env_CFLAGS_set=
ac_cv_env_CFLAGS_value=
ac_cv_env_CPPFLAGS_set=
ac_cv_env_CPPFLAGS_value=
ac_cv_env_CPP_set=
ac_cv_env_CPP_value=
ac_cv_env_LDFLAGS_set=
ac_cv_env_LDFLAGS_value=
ac_cv_env_LIBS_set=
ac_cv_env_LIBS_value=
ac_cv_env_build_alias_set=
ac_cv_env_build_alias_value=
ac_cv_env_host_alias_set=
ac_cv_env_host_alias_value=
ac_cv_env_target_alias_set=
ac_cv_env_target_alias_value=
ac_cv_func_memchr=yes
ac_cv_func_memcmp_working=yes
ac_cv_func_memmem=yes
ac_cv_func_memmove=yes
ac_cv_func_memset=yes
ac_cv_func_realpath=yes
ac_cv_func_strcasecmp=yes
ac_cv_func_strchr=yes
ac_cv_func_strncasecmp=yes
ac_cv_func_strtol=yes
ac_cv_header_asterisk_h=no
ac_cv_header_fcntl_h=yes
ac_cv_header_iconv_h=yes
ac_cv_header_inttypes_h=yes
ac_cv_header_memory_h=yes
ac_cv_header_stdc=yes
ac_cv_header_stdint_h=yes
ac_cv_header_stdlib_h=yes
ac_cv_header_string_h=yes
ac_cv_header_strings_h=yes
ac_cv_header_sys_stat_h=yes
ac_cv_header_sys_time_h=yes
ac_cv_header_sys_types_h=yes
ac_cv_header_termios_h=yes
ac_cv_header_unistd_h=yes
ac_cv_host=x86_64-unknown-linux-gnu
ac_cv_objext=o
ac_cv_path_EGREP='/usr/bin/grep -E'
ac_cv_path_GREP=/usr/bin/grep
ac_cv_path_install='/usr/bin/install -c'
ac_cv_path_mkdir=/usr/bin/mkdir
ac_cv_prog_AWK=gawk
ac_cv_prog_CPP='gcc -E'
ac_cv_prog_RM=rm
ac_cv_prog_STRIP=strip
ac_cv_prog_ac_ct_CC=gcc
ac_cv_prog_cc_c89=
ac_cv_prog_cc_g=yes
ac_cv_prog_make_make_set=yes
ac_cv_search_iconv='none required'
ac_cv_target=x86_64-unknown-linux-gnu
ac_cv_type_size_t=yes
ac_cv_type_ssize_t=yes
am_cv_CC_dependencies_compiler_type=none
am_cv_make_support_nested_variables=yes

## ----------------- ##
## Output variables. ##
## ----------------- ##

ACLOCAL='${SHELL} /root/asterisk-chan-dongle-413cad90774f6ef547abf239e6101129bbe4d20d/missing aclocal-1.13'
AC_CFLAGS=' -fvisibility=hidden -fPIC -Wall -Wextra -MD -MT $@ -MF .$(subst /,_,$@).d -MP'
AMDEPBACKSLASH='\'
AMDEP_FALSE='#'
AMDEP_TRUE=''
AMTAR='$${TAR-tar}'
AM_BACKSLASH='\'
AM_DEFAULT_V='$(AM_DEFAULT_VERBOSITY)'
AM_DEFAULT_VERBOSITY='1'
AM_V='$(V)'
AUTOCONF='${SHELL} /root/asterisk-chan-dongle-413cad90774f6ef547abf239e6101129bbe4d20d/missing autoconf'
AUTOHEADER='${SHELL} /root/asterisk-chan-dongle-413cad90774f6ef547abf239e6101129bbe4d20d/missing autoheader'
AUTOMAKE='${SHELL} /root/asterisk-chan-dongle-413cad90774f6ef547abf239e6101129bbe4d20d/missing automake-1.13'
AWK='gawk'
CC='gcc'
CCDEPMODE='depmode=none'
CFLAGS='-g -O2 -O6 -Wno-old-style-declaration'
CPP='gcc -E'
CPPFLAGS=' -D_GNU_SOURCE -I/usr/include -I/usr/include'
CYGPATH_W='echo'
DEFS='-DHAVE_CONFIG_H'
DEPDIR='.deps'
DESTDIR='/usr/lib64/asterisk/modules'
ECHO_C=''
ECHO_N='-n'
ECHO_T=''
EGREP='/usr/bin/grep -E'
EXEEXT=''
GREP='/usr/bin/grep'
INSTALL_DATA='${INSTALL} -m 644'
INSTALL_PROGRAM='${INSTALL}'
INSTALL_SCRIPT='${INSTALL}'
INSTALL_STRIP_PROGRAM='$(install_sh) -c -s'
LDFLAGS=' '
LIBOBJS=''
LIBS=''
LTLIBOBJS=''
MAKEINFO='${SHELL} /root/asterisk-chan-dongle-413cad90774f6ef547abf239e6101129bbe4d20d/missing makeinfo'
MKDIR_P='/usr/bin/mkdir -p'
OBJEXT='o'
PACKAGE='chan_dongle'
PACKAGE_BUGREPORT='https://github.com/bg111/asterisk-chan-dongle/issues'
PACKAGE_NAME='chan_dongle'
PACKAGE_REVISION='43gh=47cg'
PACKAGE_STRING='chan_dongle 1.1'
PACKAGE_TARNAME='chan_dongle'
PACKAGE_URL='https://github.com/bg111/asterisk-chan-dongle/'
PACKAGE_VERSION='1.1'
PATH_SEPARATOR=':'
RM='rm'
SET_MAKE=''
SHELL='/bin/sh'
SOLINK='-shared -Xlinker -x'
STRIP='strip'
TARGET='chan_dongle.so'
VERSION='1.1'
ac_ct_CC='gcc'
am__EXEEXT_FALSE=''
am__EXEEXT_TRUE='#'
am__fastdepCC_FALSE=''
am__fastdepCC_TRUE='#'
am__include='include'
am__isrc=''
am__leading_dot='.'
am__nodep='_no'
am__quote=''
am__tar='$${TAR-tar} chof - "$$tardir"'
am__untar='$${TAR-tar} xf -'
bindir='${exec_prefix}/bin'
build='x86_64-unknown-linux-gnu'
build_alias=''
build_cpu='x86_64'
build_os='linux-gnu'
build_vendor='unknown'
datadir='${datarootdir}'
datarootdir='${prefix}/share'
docdir='${datarootdir}/doc/${PACKAGE_TARNAME}'
dvidir='${docdir}'
exec_prefix='${prefix}'
host='x86_64-unknown-linux-gnu'
host_alias=''
host_cpu='x86_64'
host_os='linux-gnu'
host_vendor='unknown'
htmldir='${docdir}'
includedir='${prefix}/include'
infodir='${datarootdir}/info'
install_sh='${SHELL} /root/asterisk-chan-dongle-413cad90774f6ef547abf239e6101129bbe4d20d/install-sh'
libdir='${exec_prefix}/lib'
libexecdir='${exec_prefix}/libexec'
localedir='${datarootdir}/locale'
localstatedir='${prefix}/var'
mandir='${datarootdir}/man'
mkdir_p='$(MKDIR_P)'
oldincludedir='/usr/include'
pdfdir='${docdir}'
prefix='/usr/local'
program_transform_name='s,x,x,'
psdir='${docdir}'
sbindir='${exec_prefix}/sbin'
sharedstatedir='${prefix}/com'
sysconfdir='${prefix}/etc'
target='x86_64-unknown-linux-gnu'
target_alias=''
target_cpu='x86_64'
target_os='linux-gnu'
target_vendor='unknown'

## ----------- ##
## confdefs.h. ##
## ----------- ##

/* confdefs.h */
#define PACKAGE_NAME "chan_dongle"
#define PACKAGE_TARNAME "chan_dongle"
#define PACKAGE_VERSION "1.1"
#define PACKAGE_STRING "chan_dongle 1.1"
#define PACKAGE_BUGREPORT "https://github.com/bg111/asterisk-chan-dongle/issues"
#define PACKAGE_URL "https://github.com/bg111/asterisk-chan-dongle/"
#define PACKAGE "chan_dongle"
#define VERSION "1.1"
#define ASTERISK_VERSION_NUM 160602
#define STDC_HEADERS 1
#define HAVE_SYS_TYPES_H 1
#define HAVE_SYS_STAT_H 1
#define HAVE_STDLIB_H 1
#define HAVE_STRING_H 1
#define HAVE_MEMORY_H 1
#define HAVE_STRINGS_H 1
#define HAVE_INTTYPES_H 1
#define HAVE_STDINT_H 1
#define HAVE_UNISTD_H 1
#define HAVE_FCNTL_H 1
#define HAVE_STDLIB_H 1
#define HAVE_STRING_H 1
#define HAVE_SYS_TIME_H 1
#define HAVE_TERMIOS_H 1
#define ICONV_CONST /**/
#define ICONV_T iconv_t
#define HAVE_AST_CONTROL_SRCCHANGE /**/
#define HAVE_MEMCHR 1
#define HAVE_MEMMOVE 1
#define HAVE_MEMSET 1
#define HAVE_MEMMEM 1
#define HAVE_STRCASECMP 1
#define HAVE_STRCHR 1
#define HAVE_STRNCASECMP 1
#define HAVE_STRTOL 1
#define HAVE_REALPATH 1
#define BUILD_MANAGER 1
#define BUILD_APPLICATIONS 1
#define MODULE_BUGREPORT "https://github.com/bg111/asterisk-chan-dongle/issues"
#define MODULE_URL "https://github.com/bg111/asterisk-chan-dongle/"
#define MODULE_VERSION "1.1"
#define AST_MODULE "chan_dongle"
#define PACKAGE_REVISION "43gh=47cg"

configure: exit 0
